hp-check[23335]: info: :
hp-check[23335]: info: :[01mHP Linux Imaging and Printing System (ver. 3.23.12)[0m
hp-check[23335]: info: :[01mDependency/Version Check Utility ver. 15.1[0m
hp-check[23335]: info: :
hp-check[23335]: info: :Copyright (c) 2001-18 HP Development Company, LP
hp-check[23335]: info: :This software comes with ABSOLUTELY NO WARRANTY.
hp-check[23335]: info: :This is free software, and you are welcome to distribute it
hp-check[23335]: info: :under certain conditions. See COPYING file for more details.
hp-check[23335]: info: :
hp-check[23335]: info: :[01mNote: hp-check can be run in three modes:[0m
hp-check[23335]: info: :1. Compile-time check mode (-c or --compile): Use this mode before compiling the HPLIP supplied tarball (.tar.gz or   
hp-check[23335]: info: :.run) to determine if the proper dependencies are installed to successfully compile HPLIP.                            
hp-check[23335]: info: :2. Run-time check mode (-r or --run): Use this mode to determine if a distro supplied package (.deb, .rpm, etc) or an 
hp-check[23335]: info: :already built HPLIP supplied tarball has the proper dependencies installed to successfully run.                       
hp-check[23335]: info: :3. Both compile- and run-time check mode (-b or --both) (Default): This mode will check both of the above cases (both 
hp-check[23335]: info: :compile- and run-time dependencies).                                                                                  
hp-check[23335]: info: :
hp-check[23335]: info: :Check types:                                                                                                          
hp-check[23335]: info: :a. EXTERNALDEP - External Dependencies                                                                                
hp-check[23335]: info: :b. GENERALDEP - General Dependencies (required both at compile and run time)                                          
hp-check[23335]: info: :c. COMPILEDEP - Compile time Dependencies                                                                             
hp-check[23335]: info: :d. [All are run-time checks]                                                                                          
hp-check[23335]: info: :PYEXT SCANCONF QUEUES PERMISSION                                                                                      
hp-check[23335]: info: :
hp-check[23335]: info: :Status Types:
hp-check[23335]: info: :    OK
hp-check[23335]: info: :    MISSING       - Missing Dependency or Permission or Plug-in
hp-check[23335]: info: :    INCOMPAT      - Incompatible dependency-version or Plugin-version
hp-check[23335]: info: :
warning: [01m0-0.0 version is not supported. Using 0-0 versions dependencies to verify and install...[0m
hp-check[23335]: info: :
hp-check[23335]: info: :---------------
hp-check[23335]: info: :| SYSTEM INFO |
hp-check[23335]: info: :---------------
hp-check[23335]: info: :
hp-check[23335]: info: : Kernel: 6.10.7 #1 SMP PREEMPT_DYNAMIC 1 GNU/Linux
 Host: euler
 Proc: 6.10.7 #1 SMP PREEMPT_DYNAMIC 1 GNU/Linux
 Distribution: 0 0.0
hp-check[23335]: info: : Bitness: 64 bit

hp-check[23335]: info: :
hp-check[23335]: info: :-----------------------
hp-check[23335]: info: :| HPLIP CONFIGURATION |
hp-check[23335]: info: :-----------------------
hp-check[23335]: info: :
hp-check[23335]: info: :HPLIP-Version: HPLIP 3.23.12
hp-check[23335]: info: :HPLIP-Home: /gnu/store/2c2nifsv9d1y1969pi5kgl6gvhwkzw6p-hplip-3.23.12/share/hplip
warning: HPLIP-Installation: Auto installation is not supported for 0 distro  0.0 version 
hp-check[23335]: info: :
hp-check[23335]: info: :[01mCurrent contents of '/gnu/store/2c2nifsv9d1y1969pi5kgl6gvhwkzw6p-hplip-3.23.12/etc/hp/hplip.conf' file:[0m
hp-check[23335]: info: :# hplip.conf.  Generated from hplip.conf.in by configure.

[hplip]
version=3.23.12

[dirs]
home=/gnu/store/2c2nifsv9d1y1969pi5kgl6gvhwkzw6p-hplip-3.23.12/share/hplip
run=/var/run
ppd=/gnu/store/8gc2c51g2qqdvfzqhn2p42fiwb6f8fl4-hplip-3.23.12-ppd/share/ppd/HP
ppdbase=/gnu/store/8gc2c51g2qqdvfzqhn2p42fiwb6f8fl4-hplip-3.23.12-ppd/share/ppd
doc=/gnu/store/2c2nifsv9d1y1969pi5kgl6gvhwkzw6p-hplip-3.23.12/share/doc/hplip-3.23.12
html=/gnu/store/2c2nifsv9d1y1969pi5kgl6gvhwkzw6p-hplip-3.23.12/share/doc/hplip-3.23.12
icon=/gnu/store/2c2nifsv9d1y1969pi5kgl6gvhwkzw6p-hplip-3.23.12/share/applications
cupsbackend=/gnu/store/2c2nifsv9d1y1969pi5kgl6gvhwkzw6p-hplip-3.23.12/lib/cups/backend
cupsfilter=/gnu/store/2c2nifsv9d1y1969pi5kgl6gvhwkzw6p-hplip-3.23.12/lib/cups/filter
drv=/gnu/store/2c2nifsv9d1y1969pi5kgl6gvhwkzw6p-hplip-3.23.12/share/cups/drv/hp
bin=/usr/bin
apparmor=/etc/apparmor.d
# Following values are determined at configure time and cannot be changed.
[configure]
network-build=no
libusb01-build=no
pp-build=no
gui-build=yes
scanner-build=yes
fax-build=no
dbus-build=yes
cups11-build=no
doc-build=yes
shadow-build=no
hpijs-install=no
foomatic-drv-install=no
foomatic-ppd-install=no
foomatic-rip-hplip-install=no
hpcups-install=yes
cups-drv-install=yes
cups-ppd-install=no
internal-tag=3.23.12
restricted-build=no
ui-toolkit=qt5
qt3=no
qt4=no
qt5=yes
policy-kit=no
lite-build=no
udev_sysfs_rules=no
hpcups-only-build=no
hpijs-only-build=no
apparmor_build=no
class-driver=no

hp-check[23335]: info: :
hp-check[23335]: info: :[01mCurrent contents of '/var/lib/hp/hplip.state' file:[0m
hp-check[23335]: info: :Plugins are not installed. Could not access file: No such file or directory
hp-check[23335]: info: :
hp-check[23335]: info: :[01mCurrent contents of '~/.hplip/hplip.conf' file:[0m
hp-check[23335]: info: :[installation]
date_time = 09/06/24 11:31:58
version = 3.23.12


hp-check[23335]: info: : <Package-name>        <Package-Desc>      <Required/Optional> <Min-Version> <Installed-Version> <Status>   <Comment>
hp-check[23335]: info: :
hp-check[23335]: info: :-------------------------
hp-check[23335]: info: :| External Dependencies |
hp-check[23335]: info: :-------------------------
hp-check[23335]: info: :
hp-check[23335]: info: : cups                 CUPS - Common Unix Printing System                           REQUIRED        1.1             2.4.9           OK         'CUPS Scheduler is running'
hp-check[23335]: info: :[31;01m error: gs            GhostScript - PostScript and PDF language interpreter and previewer REQUIRED        7.05            -               MISSING    'gs needs to be installed'[0m
hp-check[23335]: info: :[31;01m error: xsane         xsane - Graphical scanner frontend for SANE                  OPTIONAL        0.9             -               MISSING    'xsane needs to be installed'[0m
hp-check[23335]: info: :[31;01m error: scanimage     scanimage - Shell scanning program                           OPTIONAL        1.0             -               MISSING    'scanimage needs to be installed'[0m
hp-check[23335]: info: :[31;01m error: dbus          DBus - Message bus system                                    REQUIRED        -               1.15.8          MISSING    'DBUS may not be installed or not running'[0m
hp-check[23335]: info: :[31;01m error: policykit     PolicyKit - Administrative policy framework                  OPTIONAL        -               121             MISSING    'policykit needs to be installed'[0m
hp-check[23335]: info: : network              network -wget                                                OPTIONAL        -               1.21.4          OK         -
hp-check[23335]: info: : avahi-utils          avahi-utils                                                  OPTIONAL        -               0.8             OK         -
hp-check[23335]: info: :
hp-check[23335]: info: :------------------------
hp-check[23335]: info: :| General Dependencies |
hp-check[23335]: info: :------------------------
hp-check[23335]: info: :
hp-check[23335]: info: :[31;01m error: libjpeg       libjpeg - JPEG library                                       REQUIRED        -               -               MISSING    'libjpeg needs to be installed'[0m
hp-check[23335]: info: :[31;01m error: cups-devel    CUPS devel- Common Unix Printing System development files    REQUIRED        -               2.4.9           MISSING    'cups-devel needs to be installed'[0m
hp-check[23335]: info: :[31;01m error: cups-image    CUPS image - CUPS image development files                    REQUIRED        -               2.4.9           MISSING    'cups-image needs to be installed'[0m
hp-check[23335]: info: :[31;01m error: libpthread    libpthread - POSIX threads library                           REQUIRED        -               b'2.39'         MISSING    'libpthread needs to be installed'[0m
hp-check[23335]: info: :[31;01m error: libusb        libusb - USB library                                         REQUIRED        -               1.0             MISSING    'libusb needs to be installed'[0m
hp-check[23335]: info: :[31;01m error: sane          SANE - Scanning library                                      REQUIRED        -               -               MISSING    'sane needs to be installed'[0m
hp-check[23335]: info: :[31;01m error: sane-devel    SANE - Scanning library development files                    REQUIRED        -               -               MISSING    'sane-devel needs to be installed'[0m
hp-check[23335]: info: :[31;01m error: libavahi-dev  libavahi-dev                                                 REQUIRED        -               -               MISSING    'libavahi-dev needs to be installed'[0m
hp-check[23335]: info: :[31;01m error: libnetsnmp-devel libnetsnmp-devel - SNMP networking library development files REQUIRED        5.0.9           -               MISSING    'libnetsnmp-devel needs to be installed'[0m
hp-check[23335]: info: :[31;01m error: libcrypto     libcrypto - OpenSSL cryptographic library                    REQUIRED        -               -               MISSING    'libcrypto needs to be installed'[0m
hp-check[23335]: info: : python3X             Python 2.2 or greater - Python programming language          REQUIRED        2.2             3.10.7          OK         -
hp-check[23335]: info: :[31;01m error: python3-notify2 Python libnotify - Python bindings for the libnotify Desktop notifications OPTIONAL        -               -               MISSING    'python3-notify2 needs to be installed'[0m
hp-check[23335]: info: :[31;01m error: python3-pyqt4-dbus PyQt 4 DBus - DBus Support for PyQt4                         OPTIONAL        4.0             -               MISSING    'python3-pyqt4-dbus needs to be installed'[0m
hp-check[23335]: info: :[31;01m error: python3-pyqt4 PyQt 4- Qt interface for Python (for Qt version 4.x)         REQUIRED        4.0             -               MISSING    'python3-pyqt4 needs to be installed'[0m
hp-check[23335]: info: : python3-dbus         Python DBus - Python bindings for DBus                       REQUIRED        0.80.0          1.2.18          OK         -
hp-check[23335]: info: : python3-xml          Python XML libraries                                         REQUIRED        -               2.5.0           OK         -
hp-check[23335]: info: :[31;01m error: python3-devel Python devel - Python development files                      REQUIRED        2.2             3.10.7          MISSING    'python3-devel needs to be installed'[0m
hp-check[23335]: info: :[31;01m error: python3-pil   PIL - Python Imaging Library (required for commandline scanning with hp-scan) OPTIONAL        -               -               MISSING    'python3-pil needs to be installed'[0m
hp-check[23335]: info: :[31;01m error: python3-reportlab Reportlab - PDF library for Python                           OPTIONAL        2.0             -               MISSING    'python3-reportlab needs to be installed'[0m
hp-check[23335]: info: :
hp-check[23335]: info: :--------------
hp-check[23335]: info: :| COMPILEDEP |
hp-check[23335]: info: :--------------
hp-check[23335]: info: :
hp-check[23335]: info: :[31;01m error: libtool       libtool - Library building support services                  REQUIRED        -               -               MISSING    'libtool needs to be installed'[0m
hp-check[23335]: info: :[31;01m error: gcc           gcc - GNU Project C and C++ Compiler                         REQUIRED        -               -               MISSING    'gcc needs to be installed'[0m
hp-check[23335]: info: : make                 make - GNU make utility to maintain groups of programs       REQUIRED        3.0             4.4.1           OK         -
hp-check[23335]: info: :
hp-check[23335]: info: :---------------------
hp-check[23335]: info: :| Python Extentions |
hp-check[23335]: info: :---------------------
hp-check[23335]: info: :
hp-check[23335]: info: : cupsext              CUPS-Extension                                               REQUIRED        -               3.23.12         OK         -
hp-check[23335]: info: : hpmudext             IO-Extension                                                 REQUIRED        -               3.23.12         OK         -
hp-check[23335]: info: :
hp-check[23335]: info: :----------------------
hp-check[23335]: info: :| Scan Configuration |
hp-check[23335]: info: :----------------------
hp-check[23335]: info: :
hp-check[23335]: info: :'/etc/sane.d/dll.conf' not found.
hp-check[23335]: info: :'/etc/sane.d/dll.d/hpaio' not found.
hp-check[23335]: info: :'/etc/sane.d/dll.d/hplip' not found.
error: 'hpaio' not found in SANE conf files. Is SANE installed?
hp-check[23335]: info: :[31;01m error: hpaio         HPLIP-SANE-Backend                                           REQUIRED        -               3.23.12         MISSING    'hpaio not found in /etc/sane.d/dll.conf. hpaio needs to be added in this file.'[0m
hp-check[23335]: info: : scanext              Scan-SANE-Extension                                          REQUIRED        -               3.23.12         OK         -
hp-check[23335]: info: :
hp-check[23335]: info: :------------------------------
hp-check[23335]: info: :| DISCOVERED SCANNER DEVICES |
hp-check[23335]: info: :------------------------------
hp-check[23335]: info: :
hp-check[23335]: info: :
hp-check[23335]: info: :--------------------------
hp-check[23335]: info: :| DISCOVERED USB DEVICES |
hp-check[23335]: info: :--------------------------
hp-check[23335]: info: :
hp-check[23335]: info: :No devices found.
hp-check[23335]: info: :
hp-check[23335]: info: :---------------------------------
hp-check[23335]: info: :| INSTALLED CUPS PRINTER QUEUES |
hp-check[23335]: info: :---------------------------------
hp-check[23335]: info: :
hp-check[23335]: info: :
hp-check[23335]: info: :[01mlpstat[0m
hp-check[23335]: info: :[01m------[0m
hp-check[23335]: info: :Type: Unknown
hp-check[23335]: info: :Device URI: No destinations added.
hp-check[23335]: info: :
hp-check[23335]: info: :
hp-check[23335]: info: :--------------
hp-check[23335]: info: :| PERMISSION |
hp-check[23335]: info: :--------------
hp-check[23335]: info: :
hp-check[23335]: info: :
hp-check[23335]: info: :-----------
hp-check[23335]: info: :| SUMMARY |
hp-check[23335]: info: :-----------
hp-check[23335]: info: :
hp-check[23335]: info: :[01mMissing Required Dependencies[0m
hp-check[23335]: info: :[01m-----------------------------[0m
error: 'hpaio' package is missing/incompatible 
hp-check[23335]: info: :
hp-check[23335]: info: :[01mMissing Optional Dependencies[0m
hp-check[23335]: info: :[01m-----------------------------[0m
hp-check[23335]: info: :None

hp-check[23335]: info: :
hp-check[23335]: info: :Total Errors: 24
hp-check[23335]: info: :Total Warnings: 0
hp-check[23335]: info: :
hp-check[23335]: info: :
hp-check[23335]: info: :Done.
